2013/05/23 17:54:07 [error] [exception.CException] exception 'CException' with message 'Property "CHttpRequest.themeUrl" is not defined.' in /Users/coly/Sites/yii-1.1.13.e9e4a0/framework/base/CComponent.php:130
Stack trace:
#0 /Users/coly/Sites/e_com_transn/themes/class523/views/layouts/main.php(6): CComponent->__get('themeUrl')
#1 /Users/coly/Sites/yii-1.1.13.e9e4a0/framework/web/CBaseController.php(126): require('/Users/coly/Sit...')
#2 /Users/coly/Sites/yii-1.1.13.e9e4a0/framework/web/CBaseController.php(95): CBaseController->renderInternal('/Users/coly/Sit...', Array, true)
#3 /Users/coly/Sites/yii-1.1.13.e9e4a0/framework/web/widgets/CContentDecorator.php(76): CBaseController->renderFile('/Users/coly/Sit...', Array, true)
#4 /Users/coly/Sites/yii-1.1.13.e9e4a0/framework/web/widgets/CContentDecorator.php(54): CContentDecorator->decorate('<div id="conten...')
#5 /Users/coly/Sites/yii-1.1.13.e9e4a0/framework/web/widgets/COutputProcessor.php(44): CContentDecorator->processOutput('<div id="conten...')
#6 /Users/coly/Sites/yii-1.1.13.e9e4a0/framework/web/CBaseController.php(206): COutputProcessor->run()
#7 /Users/coly/Sites/yii-1.1.13.e9e4a0/framework/web/CBaseController.php(300): CBaseController->endWidget('CContentDecorat...')
#8 /Users/coly/Sites/e_com_transn/themes/class523/views/layouts/column1.php(6): CBaseController->endContent()
#9 /Users/coly/Sites/yii-1.1.13.e9e4a0/framework/web/CBaseController.php(126): require('/Users/coly/Sit...')
#10 /Users/coly/Sites/yii-1.1.13.e9e4a0/framework/web/CBaseController.php(95): CBaseController->renderInternal('/Users/coly/Sit...', Array, true)
#11 /Users/coly/Sites/yii-1.1.13.e9e4a0/framework/web/CController.php(784): CBaseController->renderFile('/Users/coly/Sit...', Array, true)
#12 /Users/coly/Sites/e_com_transn/protected/controllers/SiteController.php(32): CController->render('index')
#13 /Users/coly/Sites/yii-1.1.13.e9e4a0/framework/web/actions/CInlineAction.php(49): SiteController->actionIndex()
#14 /Users/coly/Sites/yii-1.1.13.e9e4a0/framework/web/CController.php(308): CInlineAction->runWithParams(Array)
#15 /Users/coly/Sites/yii-1.1.13.e9e4a0/framework/web/CController.php(286): CController->runAction(Object(CInlineAction))
#16 /Users/coly/Sites/yii-1.1.13.e9e4a0/framework/web/CController.php(265): CController->runActionWithFilters(Object(CInlineAction), Array)
#17 /Users/coly/Sites/yii-1.1.13.e9e4a0/framework/web/CWebApplication.php(282): CController->run('index')
#18 /Users/coly/Sites/yii-1.1.13.e9e4a0/framework/web/CWebApplication.php(141): CWebApplication->runController('site/index')
#19 /Users/coly/Sites/yii-1.1.13.e9e4a0/framework/base/CApplication.php(169): CWebApplication->processRequest()
#20 /Users/coly/Sites/e_com_transn/index.php(13): CApplication->run()
#21 {main}
REQUEST_URI=/~Coly/e_com_transn/index.php?r=site/index
HTTP_REFERER=http://127.0.0.1/~Coly/e_com_transn/index.php?r=site/index
---
2013/05/23 18:14:42 [error] [exception.CException] exception 'CException' with message 'SiteController cannot find the requested view "goods".' in /Users/coly/Sites/yii-1.1.13.e9e4a0/framework/web/CController.php:878
Stack trace:
#0 /Users/coly/Sites/yii-1.1.13.e9e4a0/framework/web/CController.php(782): CController->renderPartial('goods', NULL, true)
#1 /Users/coly/Sites/e_com_transn/protected/controllers/SiteController.php(38): CController->render('goods')
#2 /Users/coly/Sites/yii-1.1.13.e9e4a0/framework/web/actions/CInlineAction.php(49): SiteController->actionGoods()
#3 /Users/coly/Sites/yii-1.1.13.e9e4a0/framework/web/CController.php(308): CInlineAction->runWithParams(Array)
#4 /Users/coly/Sites/yii-1.1.13.e9e4a0/framework/web/CController.php(286): CController->runAction(Object(CInlineAction))
#5 /Users/coly/Sites/yii-1.1.13.e9e4a0/framework/web/CController.php(265): CController->runActionWithFilters(Object(CInlineAction), Array)
#6 /Users/coly/Sites/yii-1.1.13.e9e4a0/framework/web/CWebApplication.php(282): CController->run('goods')
#7 /Users/coly/Sites/yii-1.1.13.e9e4a0/framework/web/CWebApplication.php(141): CWebApplication->runController('site/goods')
#8 /Users/coly/Sites/yii-1.1.13.e9e4a0/framework/base/CApplication.php(169): CWebApplication->processRequest()
#9 /Users/coly/Sites/e_com_transn/index.php(13): CApplication->run()
#10 {main}
REQUEST_URI=/~Coly/e_com_transn/index.php?r=site/goods
HTTP_REFERER=http://127.0.0.1/~Coly/e_com_transn/index.php?r=site/index
---
2013/05/23 18:30:59 [error] [exception.CHttpException.404] exception 'CHttpException' with message 'The system is unable to find the requested action "contract".' in /Users/coly/Sites/yii-1.1.13.e9e4a0/framework/web/CController.php:483
Stack trace:
#0 /Users/coly/Sites/yii-1.1.13.e9e4a0/framework/web/CController.php(270): CController->missingAction('contract')
#1 /Users/coly/Sites/yii-1.1.13.e9e4a0/framework/web/CWebApplication.php(282): CController->run('contract')
#2 /Users/coly/Sites/yii-1.1.13.e9e4a0/framework/web/CWebApplication.php(141): CWebApplication->runController('site/contract')
#3 /Users/coly/Sites/yii-1.1.13.e9e4a0/framework/base/CApplication.php(169): CWebApplication->processRequest()
#4 /Users/coly/Sites/e_com_transn/index.php(13): CApplication->run()
#5 {main}
REQUEST_URI=/~Coly/e_com_transn/index.php?r=site/contract
HTTP_REFERER=http://127.0.0.1/~Coly/e_com_transn/index.php?r=site/goods
---
2013/05/23 18:31:01 [error] [exception.CHttpException.404] exception 'CHttpException' with message 'The system is unable to find the requested action "contract".' in /Users/coly/Sites/yii-1.1.13.e9e4a0/framework/web/CController.php:483
Stack trace:
#0 /Users/coly/Sites/yii-1.1.13.e9e4a0/framework/web/CController.php(270): CController->missingAction('contract')
#1 /Users/coly/Sites/yii-1.1.13.e9e4a0/framework/web/CWebApplication.php(282): CController->run('contract')
#2 /Users/coly/Sites/yii-1.1.13.e9e4a0/framework/web/CWebApplication.php(141): CWebApplication->runController('site/contract')
#3 /Users/coly/Sites/yii-1.1.13.e9e4a0/framework/base/CApplication.php(169): CWebApplication->processRequest()
#4 /Users/coly/Sites/e_com_transn/index.php(13): CApplication->run()
#5 {main}
REQUEST_URI=/~Coly/e_com_transn/index.php?r=site/contract
HTTP_REFERER=http://127.0.0.1/~Coly/e_com_transn/index.php?r=site/goods
---
2013/05/23 18:31:03 [error] [exception.CHttpException.404] exception 'CHttpException' with message 'The system is unable to find the requested action "file".' in /Users/coly/Sites/yii-1.1.13.e9e4a0/framework/web/CController.php:483
Stack trace:
#0 /Users/coly/Sites/yii-1.1.13.e9e4a0/framework/web/CController.php(270): CController->missingAction('file')
#1 /Users/coly/Sites/yii-1.1.13.e9e4a0/framework/web/CWebApplication.php(282): CController->run('file')
#2 /Users/coly/Sites/yii-1.1.13.e9e4a0/framework/web/CWebApplication.php(141): CWebApplication->runController('site/file')
#3 /Users/coly/Sites/yii-1.1.13.e9e4a0/framework/base/CApplication.php(169): CWebApplication->processRequest()
#4 /Users/coly/Sites/e_com_transn/index.php(13): CApplication->run()
#5 {main}
REQUEST_URI=/~Coly/e_com_transn/index.php?r=site/file
HTTP_REFERER=http://127.0.0.1/~Coly/e_com_transn/index.php?r=site/contract
---
2013/05/23 18:31:04 [error] [exception.CHttpException.404] exception 'CHttpException' with message 'The system is unable to find the requested action "contract".' in /Users/coly/Sites/yii-1.1.13.e9e4a0/framework/web/CController.php:483
Stack trace:
#0 /Users/coly/Sites/yii-1.1.13.e9e4a0/framework/web/CController.php(270): CController->missingAction('contract')
#1 /Users/coly/Sites/yii-1.1.13.e9e4a0/framework/web/CWebApplication.php(282): CController->run('contract')
#2 /Users/coly/Sites/yii-1.1.13.e9e4a0/framework/web/CWebApplication.php(141): CWebApplication->runController('site/contract')
#3 /Users/coly/Sites/yii-1.1.13.e9e4a0/framework/base/CApplication.php(169): CWebApplication->processRequest()
#4 /Users/coly/Sites/e_com_transn/index.php(13): CApplication->run()
#5 {main}
REQUEST_URI=/~Coly/e_com_transn/index.php?r=site/contract
HTTP_REFERER=http://127.0.0.1/~Coly/e_com_transn/index.php?r=site/file
---
2013/05/23 18:31:06 [error] [exception.CHttpException.404] exception 'CHttpException' with message 'The system is unable to find the requested action "contract".' in /Users/coly/Sites/yii-1.1.13.e9e4a0/framework/web/CController.php:483
Stack trace:
#0 /Users/coly/Sites/yii-1.1.13.e9e4a0/framework/web/CController.php(270): CController->missingAction('contract')
#1 /Users/coly/Sites/yii-1.1.13.e9e4a0/framework/web/CWebApplication.php(282): CController->run('contract')
#2 /Users/coly/Sites/yii-1.1.13.e9e4a0/framework/web/CWebApplication.php(141): CWebApplication->runController('site/contract')
#3 /Users/coly/Sites/yii-1.1.13.e9e4a0/framework/base/CApplication.php(169): CWebApplication->processRequest()
#4 /Users/coly/Sites/e_com_transn/index.php(13): CApplication->run()
#5 {main}
REQUEST_URI=/~Coly/e_com_transn/index.php?r=site/contract
HTTP_REFERER=http://127.0.0.1/~Coly/e_com_transn/index.php?r=site/index
---
2013/05/23 18:31:07 [error] [exception.CHttpException.404] exception 'CHttpException' with message 'The system is unable to find the requested action "contract".' in /Users/coly/Sites/yii-1.1.13.e9e4a0/framework/web/CController.php:483
Stack trace:
#0 /Users/coly/Sites/yii-1.1.13.e9e4a0/framework/web/CController.php(270): CController->missingAction('contract')
#1 /Users/coly/Sites/yii-1.1.13.e9e4a0/framework/web/CWebApplication.php(282): CController->run('contract')
#2 /Users/coly/Sites/yii-1.1.13.e9e4a0/framework/web/CWebApplication.php(141): CWebApplication->runController('site/contract')
#3 /Users/coly/Sites/yii-1.1.13.e9e4a0/framework/base/CApplication.php(169): CWebApplication->processRequest()
#4 /Users/coly/Sites/e_com_transn/index.php(13): CApplication->run()
#5 {main}
REQUEST_URI=/~Coly/e_com_transn/index.php?r=site/contract
HTTP_REFERER=http://127.0.0.1/~Coly/e_com_transn/index.php?r=site/contract
---
2013/05/23 18:31:09 [error] [exception.CHttpException.404] exception 'CHttpException' with message 'The system is unable to find the requested action "contract".' in /Users/coly/Sites/yii-1.1.13.e9e4a0/framework/web/CController.php:483
Stack trace:
#0 /Users/coly/Sites/yii-1.1.13.e9e4a0/framework/web/CController.php(270): CController->missingAction('contract')
#1 /Users/coly/Sites/yii-1.1.13.e9e4a0/framework/web/CWebApplication.php(282): CController->run('contract')
#2 /Users/coly/Sites/yii-1.1.13.e9e4a0/framework/web/CWebApplication.php(141): CWebApplication->runController('site/contract')
#3 /Users/coly/Sites/yii-1.1.13.e9e4a0/framework/base/CApplication.php(169): CWebApplication->processRequest()
#4 /Users/coly/Sites/e_com_transn/index.php(13): CApplication->run()
#5 {main}
REQUEST_URI=/~Coly/e_com_transn/index.php?r=site/contract
HTTP_REFERER=http://127.0.0.1/~Coly/e_com_transn/index.php?r=site/index
---
2013/05/23 18:31:11 [error] [exception.CHttpException.404] exception 'CHttpException' with message 'The system is unable to find the requested action "file".' in /Users/coly/Sites/yii-1.1.13.e9e4a0/framework/web/CController.php:483
Stack trace:
#0 /Users/coly/Sites/yii-1.1.13.e9e4a0/framework/web/CController.php(270): CController->missingAction('file')
#1 /Users/coly/Sites/yii-1.1.13.e9e4a0/framework/web/CWebApplication.php(282): CController->run('file')
#2 /Users/coly/Sites/yii-1.1.13.e9e4a0/framework/web/CWebApplication.php(141): CWebApplication->runController('site/file')
#3 /Users/coly/Sites/yii-1.1.13.e9e4a0/framework/base/CApplication.php(169): CWebApplication->processRequest()
#4 /Users/coly/Sites/e_com_transn/index.php(13): CApplication->run()
#5 {main}
REQUEST_URI=/~Coly/e_com_transn/index.php?r=site/file
HTTP_REFERER=http://127.0.0.1/~Coly/e_com_transn/index.php?r=site/index
---
2013/05/23 18:31:12 [error] [exception.CHttpException.404] exception 'CHttpException' with message 'The system is unable to find the requested action "file".' in /Users/coly/Sites/yii-1.1.13.e9e4a0/framework/web/CController.php:483
Stack trace:
#0 /Users/coly/Sites/yii-1.1.13.e9e4a0/framework/web/CController.php(270): CController->missingAction('file')
#1 /Users/coly/Sites/yii-1.1.13.e9e4a0/framework/web/CWebApplication.php(282): CController->run('file')
#2 /Users/coly/Sites/yii-1.1.13.e9e4a0/framework/web/CWebApplication.php(141): CWebApplication->runController('site/file')
#3 /Users/coly/Sites/yii-1.1.13.e9e4a0/framework/base/CApplication.php(169): CWebApplication->processRequest()
#4 /Users/coly/Sites/e_com_transn/index.php(13): CApplication->run()
#5 {main}
REQUEST_URI=/~Coly/e_com_transn/index.php?r=site/file
HTTP_REFERER=http://127.0.0.1/~Coly/e_com_transn/index.php?r=site/file
---
2013/05/23 18:31:12 [error] [exception.CHttpException.404] exception 'CHttpException' with message 'The system is unable to find the requested action "contract".' in /Users/coly/Sites/yii-1.1.13.e9e4a0/framework/web/CController.php:483
Stack trace:
#0 /Users/coly/Sites/yii-1.1.13.e9e4a0/framework/web/CController.php(270): CController->missingAction('contract')
#1 /Users/coly/Sites/yii-1.1.13.e9e4a0/framework/web/CWebApplication.php(282): CController->run('contract')
#2 /Users/coly/Sites/yii-1.1.13.e9e4a0/framework/web/CWebApplication.php(141): CWebApplication->runController('site/contract')
#3 /Users/coly/Sites/yii-1.1.13.e9e4a0/framework/base/CApplication.php(169): CWebApplication->processRequest()
#4 /Users/coly/Sites/e_com_transn/index.php(13): CApplication->run()
#5 {main}
REQUEST_URI=/~Coly/e_com_transn/index.php?r=site/contract
HTTP_REFERER=http://127.0.0.1/~Coly/e_com_transn/index.php?r=site/file
---
2013/05/23 18:31:44 [error] [exception.CHttpException.404] exception 'CHttpException' with message 'The system is unable to find the requested action "contract".' in /Users/coly/Sites/yii-1.1.13.e9e4a0/framework/web/CController.php:483
Stack trace:
#0 /Users/coly/Sites/yii-1.1.13.e9e4a0/framework/web/CController.php(270): CController->missingAction('contract')
#1 /Users/coly/Sites/yii-1.1.13.e9e4a0/framework/web/CWebApplication.php(282): CController->run('contract')
#2 /Users/coly/Sites/yii-1.1.13.e9e4a0/framework/web/CWebApplication.php(141): CWebApplication->runController('site/contract')
#3 /Users/coly/Sites/yii-1.1.13.e9e4a0/framework/base/CApplication.php(169): CWebApplication->processRequest()
#4 /Users/coly/Sites/e_com_transn/index.php(13): CApplication->run()
#5 {main}
REQUEST_URI=/~Coly/e_com_transn/index.php?r=site/contract
HTTP_REFERER=http://127.0.0.1/~Coly/e_com_transn/index.php?r=site/index
---
2013/05/23 18:33:13 [error] [exception.CException] exception 'CException' with message 'SiteController cannot find the requested view "contract".' in /Users/coly/Sites/yii-1.1.13.e9e4a0/framework/web/CController.php:878
Stack trace:
#0 /Users/coly/Sites/yii-1.1.13.e9e4a0/framework/web/CController.php(782): CController->renderPartial('contract', NULL, true)
#1 /Users/coly/Sites/e_com_transn/protected/controllers/SiteController.php(43): CController->render('contract')
#2 /Users/coly/Sites/yii-1.1.13.e9e4a0/framework/web/actions/CInlineAction.php(49): SiteController->actionContract()
#3 /Users/coly/Sites/yii-1.1.13.e9e4a0/framework/web/CController.php(308): CInlineAction->runWithParams(Array)
#4 /Users/coly/Sites/yii-1.1.13.e9e4a0/framework/web/CController.php(286): CController->runAction(Object(CInlineAction))
#5 /Users/coly/Sites/yii-1.1.13.e9e4a0/framework/web/CController.php(265): CController->runActionWithFilters(Object(CInlineAction), Array)
#6 /Users/coly/Sites/yii-1.1.13.e9e4a0/framework/web/CWebApplication.php(282): CController->run('contract')
#7 /Users/coly/Sites/yii-1.1.13.e9e4a0/framework/web/CWebApplication.php(141): CWebApplication->runController('site/contract')
#8 /Users/coly/Sites/yii-1.1.13.e9e4a0/framework/base/CApplication.php(169): CWebApplication->processRequest()
#9 /Users/coly/Sites/e_com_transn/index.php(13): CApplication->run()
#10 {main}
REQUEST_URI=/~Coly/e_com_transn/index.php?r=site/contract
HTTP_REFERER=http://127.0.0.1/~Coly/e_com_transn/index.php?r=site/index
---
2013/05/23 18:49:18 [error] [exception.CHttpException.404] exception 'CHttpException' with message 'The system is unable to find the requested action "goodss".' in /Users/coly/Sites/yii-1.1.13.e9e4a0/framework/web/CController.php:483
Stack trace:
#0 /Users/coly/Sites/yii-1.1.13.e9e4a0/framework/web/CController.php(270): CController->missingAction('goodss')
#1 /Users/coly/Sites/yii-1.1.13.e9e4a0/framework/web/CWebApplication.php(282): CController->run('goodss')
#2 /Users/coly/Sites/yii-1.1.13.e9e4a0/framework/web/CWebApplication.php(141): CWebApplication->runController('site/goodss')
#3 /Users/coly/Sites/yii-1.1.13.e9e4a0/framework/base/CApplication.php(169): CWebApplication->processRequest()
#4 /Users/coly/Sites/e_com_transn/index.php(13): CApplication->run()
#5 {main}
REQUEST_URI=/~Coly/e_com_transn/index.php?r=site/goodss
HTTP_REFERER=http://127.0.0.1/~Coly/e_com_transn/index.php?r=site/document
---
2013/05/23 20:09:15 [error] [exception.CHttpException.404] exception 'CHttpException' with message 'The system is unable to find the requested action "list".' in /Users/coly/Sites/yii-1.1.13.e9e4a0/framework/web/CController.php:483
Stack trace:
#0 /Users/coly/Sites/yii-1.1.13.e9e4a0/framework/web/CController.php(270): CController->missingAction('list')
#1 /Users/coly/Sites/yii-1.1.13.e9e4a0/framework/web/CWebApplication.php(282): CController->run('list')
#2 /Users/coly/Sites/yii-1.1.13.e9e4a0/framework/web/CWebApplication.php(141): CWebApplication->runController('site/list')
#3 /Users/coly/Sites/yii-1.1.13.e9e4a0/framework/base/CApplication.php(169): CWebApplication->processRequest()
#4 /Users/coly/Sites/e_com_transn/index.php(13): CApplication->run()
#5 {main}
REQUEST_URI=/~Coly/e_com_transn/index.php?r=site/list
HTTP_REFERER=http://127.0.0.1/~Coly/e_com_transn/index.php?r=site/document
---
2013/05/23 21:15:51 [error] [exception.CException] exception 'CException' with message 'SiteController cannot find the requested view "edit".' in /Users/coly/Sites/yii-1.1.13.e9e4a0/framework/web/CController.php:878
Stack trace:
#0 /Users/coly/Sites/yii-1.1.13.e9e4a0/framework/web/CController.php(782): CController->renderPartial('edit', NULL, true)
#1 /Users/coly/Sites/e_com_transn/protected/controllers/SiteController.php(62): CController->render('edit')
#2 /Users/coly/Sites/yii-1.1.13.e9e4a0/framework/web/actions/CInlineAction.php(49): SiteController->actionEdit()
#3 /Users/coly/Sites/yii-1.1.13.e9e4a0/framework/web/CController.php(308): CInlineAction->runWithParams(Array)
#4 /Users/coly/Sites/yii-1.1.13.e9e4a0/framework/web/CController.php(286): CController->runAction(Object(CInlineAction))
#5 /Users/coly/Sites/yii-1.1.13.e9e4a0/framework/web/CController.php(265): CController->runActionWithFilters(Object(CInlineAction), Array)
#6 /Users/coly/Sites/yii-1.1.13.e9e4a0/framework/web/CWebApplication.php(282): CController->run('edit')
#7 /Users/coly/Sites/yii-1.1.13.e9e4a0/framework/web/CWebApplication.php(141): CWebApplication->runController('site/edit')
#8 /Users/coly/Sites/yii-1.1.13.e9e4a0/framework/base/CApplication.php(169): CWebApplication->processRequest()
#9 /Users/coly/Sites/e_com_transn/index.php(13): CApplication->run()
#10 {main}
REQUEST_URI=/~Coly/e_com_transn/index.php?r=site/edit
HTTP_REFERER=http://127.0.0.1/~Coly/e_com_transn/index.php?r=site/document&setup=list
---
2013/05/24 10:23:45 [error] [php] Missing argument 1 for YiiBase::t(), called in /Users/coly/Sites/e_com_transn/themes/class523/views/layouts/index.php on line 5 and defined (/Users/coly/Sites/yii-1.1.13.e9e4a0/framework/YiiBase.php:571)
Stack trace:
#0 /Users/coly/Sites/yii-1.1.13.e9e4a0/framework/web/CBaseController.php(95): SiteController->renderInternal()
#1 /Users/coly/Sites/yii-1.1.13.e9e4a0/framework/web/CController.php(784): SiteController->renderFile()
#2 /Users/coly/Sites/e_com_transn/protected/controllers/SiteController.php(33): SiteController->render()
#3 /Users/coly/Sites/yii-1.1.13.e9e4a0/framework/web/actions/CInlineAction.php(49): SiteController->actionIndex()
#4 /Users/coly/Sites/yii-1.1.13.e9e4a0/framework/web/CController.php(308): CInlineAction->runWithParams()
#5 /Users/coly/Sites/yii-1.1.13.e9e4a0/framework/web/CController.php(286): SiteController->runAction()
#6 /Users/coly/Sites/yii-1.1.13.e9e4a0/framework/web/CController.php(265): SiteController->runActionWithFilters()
#7 /Users/coly/Sites/yii-1.1.13.e9e4a0/framework/web/CWebApplication.php(282): SiteController->run()
#8 /Users/coly/Sites/yii-1.1.13.e9e4a0/framework/web/CWebApplication.php(141): CWebApplication->runController()
#9 /Users/coly/Sites/yii-1.1.13.e9e4a0/framework/base/CApplication.php(169): CWebApplication->processRequest()
#10 /Users/coly/Sites/e_com_transn/index.php(13): CWebApplication->run()
REQUEST_URI=/~Coly/e_com_transn/index.php?r=site/index
in /Users/coly/Sites/e_com_transn/themes/class523/views/layouts/index.php (5)
in /Users/coly/Sites/e_com_transn/protected/controllers/SiteController.php (33)
in /Users/coly/Sites/e_com_transn/index.php (13)
2013/05/24 10:24:15 [error] [php] Missing argument 2 for YiiBase::t(), called in /Users/coly/Sites/e_com_transn/themes/class523/views/layouts/index.php on line 5 and defined (/Users/coly/Sites/yii-1.1.13.e9e4a0/framework/YiiBase.php:571)
Stack trace:
#0 /Users/coly/Sites/yii-1.1.13.e9e4a0/framework/web/CBaseController.php(95): SiteController->renderInternal()
#1 /Users/coly/Sites/yii-1.1.13.e9e4a0/framework/web/CController.php(784): SiteController->renderFile()
#2 /Users/coly/Sites/e_com_transn/protected/controllers/SiteController.php(33): SiteController->render()
#3 /Users/coly/Sites/yii-1.1.13.e9e4a0/framework/web/actions/CInlineAction.php(49): SiteController->actionIndex()
#4 /Users/coly/Sites/yii-1.1.13.e9e4a0/framework/web/CController.php(308): CInlineAction->runWithParams()
#5 /Users/coly/Sites/yii-1.1.13.e9e4a0/framework/web/CController.php(286): SiteController->runAction()
#6 /Users/coly/Sites/yii-1.1.13.e9e4a0/framework/web/CController.php(265): SiteController->runActionWithFilters()
#7 /Users/coly/Sites/yii-1.1.13.e9e4a0/framework/web/CWebApplication.php(282): SiteController->run()
#8 /Users/coly/Sites/yii-1.1.13.e9e4a0/framework/web/CWebApplication.php(141): CWebApplication->runController()
#9 /Users/coly/Sites/yii-1.1.13.e9e4a0/framework/base/CApplication.php(169): CWebApplication->processRequest()
#10 /Users/coly/Sites/e_com_transn/index.php(13): CWebApplication->run()
REQUEST_URI=/~Coly/e_com_transn/index.php?r=site/index
in /Users/coly/Sites/e_com_transn/themes/class523/views/layouts/index.php (5)
in /Users/coly/Sites/e_com_transn/protected/controllers/SiteController.php (33)
in /Users/coly/Sites/e_com_transn/index.php (13)
2013/05/24 10:24:16 [error] [php] Missing argument 2 for YiiBase::t(), called in /Users/coly/Sites/e_com_transn/themes/class523/views/layouts/index.php on line 5 and defined (/Users/coly/Sites/yii-1.1.13.e9e4a0/framework/YiiBase.php:571)
Stack trace:
#0 /Users/coly/Sites/yii-1.1.13.e9e4a0/framework/web/CBaseController.php(95): SiteController->renderInternal()
#1 /Users/coly/Sites/yii-1.1.13.e9e4a0/framework/web/CController.php(784): SiteController->renderFile()
#2 /Users/coly/Sites/e_com_transn/protected/controllers/SiteController.php(33): SiteController->render()
#3 /Users/coly/Sites/yii-1.1.13.e9e4a0/framework/web/actions/CInlineAction.php(49): SiteController->actionIndex()
#4 /Users/coly/Sites/yii-1.1.13.e9e4a0/framework/web/CController.php(308): CInlineAction->runWithParams()
#5 /Users/coly/Sites/yii-1.1.13.e9e4a0/framework/web/CController.php(286): SiteController->runAction()
#6 /Users/coly/Sites/yii-1.1.13.e9e4a0/framework/web/CController.php(265): SiteController->runActionWithFilters()
#7 /Users/coly/Sites/yii-1.1.13.e9e4a0/framework/web/CWebApplication.php(282): SiteController->run()
#8 /Users/coly/Sites/yii-1.1.13.e9e4a0/framework/web/CWebApplication.php(141): CWebApplication->runController()
#9 /Users/coly/Sites/yii-1.1.13.e9e4a0/framework/base/CApplication.php(169): CWebApplication->processRequest()
#10 /Users/coly/Sites/e_com_transn/index.php(13): CWebApplication->run()
REQUEST_URI=/~Coly/e_com_transn/index.php?r=site/index
in /Users/coly/Sites/e_com_transn/themes/class523/views/layouts/index.php (5)
in /Users/coly/Sites/e_com_transn/protected/controllers/SiteController.php (33)
in /Users/coly/Sites/e_com_transn/index.php (13)
2013/05/24 10:24:16 [error] [php] Missing argument 2 for YiiBase::t(), called in /Users/coly/Sites/e_com_transn/themes/class523/views/layouts/index.php on line 5 and defined (/Users/coly/Sites/yii-1.1.13.e9e4a0/framework/YiiBase.php:571)
Stack trace:
#0 /Users/coly/Sites/yii-1.1.13.e9e4a0/framework/web/CBaseController.php(95): SiteController->renderInternal()
#1 /Users/coly/Sites/yii-1.1.13.e9e4a0/framework/web/CController.php(784): SiteController->renderFile()
#2 /Users/coly/Sites/e_com_transn/protected/controllers/SiteController.php(33): SiteController->render()
#3 /Users/coly/Sites/yii-1.1.13.e9e4a0/framework/web/actions/CInlineAction.php(49): SiteController->actionIndex()
#4 /Users/coly/Sites/yii-1.1.13.e9e4a0/framework/web/CController.php(308): CInlineAction->runWithParams()
#5 /Users/coly/Sites/yii-1.1.13.e9e4a0/framework/web/CController.php(286): SiteController->runAction()
#6 /Users/coly/Sites/yii-1.1.13.e9e4a0/framework/web/CController.php(265): SiteController->runActionWithFilters()
#7 /Users/coly/Sites/yii-1.1.13.e9e4a0/framework/web/CWebApplication.php(282): SiteController->run()
#8 /Users/coly/Sites/yii-1.1.13.e9e4a0/framework/web/CWebApplication.php(141): CWebApplication->runController()
#9 /Users/coly/Sites/yii-1.1.13.e9e4a0/framework/base/CApplication.php(169): CWebApplication->processRequest()
#10 /Users/coly/Sites/e_com_transn/index.php(13): CWebApplication->run()
REQUEST_URI=/~Coly/e_com_transn/index.php?r=site/index
in /Users/coly/Sites/e_com_transn/themes/class523/views/layouts/index.php (5)
in /Users/coly/Sites/e_com_transn/protected/controllers/SiteController.php (33)
in /Users/coly/Sites/e_com_transn/index.php (13)
2013/05/24 10:24:17 [error] [php] Missing argument 2 for YiiBase::t(), called in /Users/coly/Sites/e_com_transn/themes/class523/views/layouts/index.php on line 5 and defined (/Users/coly/Sites/yii-1.1.13.e9e4a0/framework/YiiBase.php:571)
Stack trace:
#0 /Users/coly/Sites/yii-1.1.13.e9e4a0/framework/web/CBaseController.php(95): SiteController->renderInternal()
#1 /Users/coly/Sites/yii-1.1.13.e9e4a0/framework/web/CController.php(784): SiteController->renderFile()
#2 /Users/coly/Sites/e_com_transn/protected/controllers/SiteController.php(33): SiteController->render()
#3 /Users/coly/Sites/yii-1.1.13.e9e4a0/framework/web/actions/CInlineAction.php(49): SiteController->actionIndex()
#4 /Users/coly/Sites/yii-1.1.13.e9e4a0/framework/web/CController.php(308): CInlineAction->runWithParams()
#5 /Users/coly/Sites/yii-1.1.13.e9e4a0/framework/web/CController.php(286): SiteController->runAction()
#6 /Users/coly/Sites/yii-1.1.13.e9e4a0/framework/web/CController.php(265): SiteController->runActionWithFilters()
#7 /Users/coly/Sites/yii-1.1.13.e9e4a0/framework/web/CWebApplication.php(282): SiteController->run()
#8 /Users/coly/Sites/yii-1.1.13.e9e4a0/framework/web/CWebApplication.php(141): CWebApplication->runController()
#9 /Users/coly/Sites/yii-1.1.13.e9e4a0/framework/base/CApplication.php(169): CWebApplication->processRequest()
#10 /Users/coly/Sites/e_com_transn/index.php(13): CWebApplication->run()
REQUEST_URI=/~Coly/e_com_transn/index.php?r=site/index
in /Users/coly/Sites/e_com_transn/themes/class523/views/layouts/index.php (5)
in /Users/coly/Sites/e_com_transn/protected/controllers/SiteController.php (33)
in /Users/coly/Sites/e_com_transn/index.php (13)
2013/05/24 10:24:17 [error] [php] Missing argument 2 for YiiBase::t(), called in /Users/coly/Sites/e_com_transn/themes/class523/views/layouts/index.php on line 5 and defined (/Users/coly/Sites/yii-1.1.13.e9e4a0/framework/YiiBase.php:571)
Stack trace:
#0 /Users/coly/Sites/yii-1.1.13.e9e4a0/framework/web/CBaseController.php(95): SiteController->renderInternal()
#1 /Users/coly/Sites/yii-1.1.13.e9e4a0/framework/web/CController.php(784): SiteController->renderFile()
#2 /Users/coly/Sites/e_com_transn/protected/controllers/SiteController.php(33): SiteController->render()
#3 /Users/coly/Sites/yii-1.1.13.e9e4a0/framework/web/actions/CInlineAction.php(49): SiteController->actionIndex()
#4 /Users/coly/Sites/yii-1.1.13.e9e4a0/framework/web/CController.php(308): CInlineAction->runWithParams()
#5 /Users/coly/Sites/yii-1.1.13.e9e4a0/framework/web/CController.php(286): SiteController->runAction()
#6 /Users/coly/Sites/yii-1.1.13.e9e4a0/framework/web/CController.php(265): SiteController->runActionWithFilters()
#7 /Users/coly/Sites/yii-1.1.13.e9e4a0/framework/web/CWebApplication.php(282): SiteController->run()
#8 /Users/coly/Sites/yii-1.1.13.e9e4a0/framework/web/CWebApplication.php(141): CWebApplication->runController()
#9 /Users/coly/Sites/yii-1.1.13.e9e4a0/framework/base/CApplication.php(169): CWebApplication->processRequest()
#10 /Users/coly/Sites/e_com_transn/index.php(13): CWebApplication->run()
REQUEST_URI=/~Coly/e_com_transn/index.php?r=site/index
in /Users/coly/Sites/e_com_transn/themes/class523/views/layouts/index.php (5)
in /Users/coly/Sites/e_com_transn/protected/controllers/SiteController.php (33)
in /Users/coly/Sites/e_com_transn/index.php (13)
2013/05/24 10:24:17 [error] [php] Missing argument 2 for YiiBase::t(), called in /Users/coly/Sites/e_com_transn/themes/class523/views/layouts/index.php on line 5 and defined (/Users/coly/Sites/yii-1.1.13.e9e4a0/framework/YiiBase.php:571)
Stack trace:
#0 /Users/coly/Sites/yii-1.1.13.e9e4a0/framework/web/CBaseController.php(95): SiteController->renderInternal()
#1 /Users/coly/Sites/yii-1.1.13.e9e4a0/framework/web/CController.php(784): SiteController->renderFile()
#2 /Users/coly/Sites/e_com_transn/protected/controllers/SiteController.php(33): SiteController->render()
#3 /Users/coly/Sites/yii-1.1.13.e9e4a0/framework/web/actions/CInlineAction.php(49): SiteController->actionIndex()
#4 /Users/coly/Sites/yii-1.1.13.e9e4a0/framework/web/CController.php(308): CInlineAction->runWithParams()
#5 /Users/coly/Sites/yii-1.1.13.e9e4a0/framework/web/CController.php(286): SiteController->runAction()
#6 /Users/coly/Sites/yii-1.1.13.e9e4a0/framework/web/CController.php(265): SiteController->runActionWithFilters()
#7 /Users/coly/Sites/yii-1.1.13.e9e4a0/framework/web/CWebApplication.php(282): SiteController->run()
#8 /Users/coly/Sites/yii-1.1.13.e9e4a0/framework/web/CWebApplication.php(141): CWebApplication->runController()
#9 /Users/coly/Sites/yii-1.1.13.e9e4a0/framework/base/CApplication.php(169): CWebApplication->processRequest()
#10 /Users/coly/Sites/e_com_transn/index.php(13): CWebApplication->run()
REQUEST_URI=/~Coly/e_com_transn/index.php?r=site/index
in /Users/coly/Sites/e_com_transn/themes/class523/views/layouts/index.php (5)
in /Users/coly/Sites/e_com_transn/protected/controllers/SiteController.php (33)
in /Users/coly/Sites/e_com_transn/index.php (13)
2013/05/24 10:43:14 [error] [php] Trying to get property of non-object (/Users/coly/Sites/e_com_transn/protected/views/layouts/index.php:6)
Stack trace:
#0 /Users/coly/Sites/yii-1.1.13.e9e4a0/framework/web/CController.php(784): SiteController->renderFile()
#1 /Users/coly/Sites/e_com_transn/protected/controllers/SiteController.php(33): SiteController->render()
#2 /Users/coly/Sites/yii-1.1.13.e9e4a0/framework/web/actions/CInlineAction.php(49): SiteController->actionIndex()
#3 /Users/coly/Sites/yii-1.1.13.e9e4a0/framework/web/CController.php(308): CInlineAction->runWithParams()
#4 /Users/coly/Sites/yii-1.1.13.e9e4a0/framework/web/CController.php(286): SiteController->runAction()
#5 /Users/coly/Sites/yii-1.1.13.e9e4a0/framework/web/CController.php(265): SiteController->runActionWithFilters()
#6 /Users/coly/Sites/yii-1.1.13.e9e4a0/framework/web/CWebApplication.php(282): SiteController->run()
#7 /Users/coly/Sites/yii-1.1.13.e9e4a0/framework/web/CWebApplication.php(141): CWebApplication->runController()
#8 /Users/coly/Sites/yii-1.1.13.e9e4a0/framework/base/CApplication.php(169): CWebApplication->processRequest()
#9 /Users/coly/Sites/e_com_transn/index.php(13): CWebApplication->run()
REQUEST_URI=/~Coly/e_com_transn/index.php?r=site/index
in /Users/coly/Sites/e_com_transn/protected/views/layouts/index.php (6)
in /Users/coly/Sites/e_com_transn/protected/controllers/SiteController.php (33)
in /Users/coly/Sites/e_com_transn/index.php (13)
2013/05/24 10:45:16 [error] [php] Trying to get property of non-object (/Users/coly/Sites/e_com_transn/protected/views/layouts/index.php:34)
Stack trace:
#0 /Users/coly/Sites/yii-1.1.13.e9e4a0/framework/web/CController.php(784): SiteController->renderFile()
#1 /Users/coly/Sites/e_com_transn/protected/controllers/SiteController.php(33): SiteController->render()
#2 /Users/coly/Sites/yii-1.1.13.e9e4a0/framework/web/actions/CInlineAction.php(49): SiteController->actionIndex()
#3 /Users/coly/Sites/yii-1.1.13.e9e4a0/framework/web/CController.php(308): CInlineAction->runWithParams()
#4 /Users/coly/Sites/yii-1.1.13.e9e4a0/framework/web/CController.php(286): SiteController->runAction()
#5 /Users/coly/Sites/yii-1.1.13.e9e4a0/framework/web/CController.php(265): SiteController->runActionWithFilters()
#6 /Users/coly/Sites/yii-1.1.13.e9e4a0/framework/web/CWebApplication.php(282): SiteController->run()
#7 /Users/coly/Sites/yii-1.1.13.e9e4a0/framework/web/CWebApplication.php(141): CWebApplication->runController()
#8 /Users/coly/Sites/yii-1.1.13.e9e4a0/framework/base/CApplication.php(169): CWebApplication->processRequest()
#9 /Users/coly/Sites/e_com_transn/index.php(13): CWebApplication->run()
REQUEST_URI=/~Coly/e_com_transn/index.php?r=site/index
in /Users/coly/Sites/e_com_transn/protected/views/layouts/index.php (34)
in /Users/coly/Sites/e_com_transn/protected/controllers/SiteController.php (33)
in /Users/coly/Sites/e_com_transn/index.php (13)
2013/05/24 10:47:15 [error] [php] Trying to get property of non-object (/Users/coly/Sites/e_com_transn/protected/views/layouts/main.php:6)
Stack trace:
#0 /Users/coly/Sites/yii-1.1.13.e9e4a0/framework/web/widgets/CContentDecorator.php(76): SiteController->renderFile()
#1 /Users/coly/Sites/yii-1.1.13.e9e4a0/framework/web/widgets/CContentDecorator.php(54): CContentDecorator->decorate()
#2 /Users/coly/Sites/yii-1.1.13.e9e4a0/framework/web/widgets/COutputProcessor.php(44): CContentDecorator->processOutput()
#3 /Users/coly/Sites/yii-1.1.13.e9e4a0/framework/web/CBaseController.php(206): CContentDecorator->run()
#4 /Users/coly/Sites/yii-1.1.13.e9e4a0/framework/web/CBaseController.php(300): SiteController->endWidget()
#5 /Users/coly/Sites/e_com_transn/protected/views/layouts/column1.php(6): SiteController->endContent()
#6 /Users/coly/Sites/yii-1.1.13.e9e4a0/framework/web/CBaseController.php(126): require()
#7 /Users/coly/Sites/yii-1.1.13.e9e4a0/framework/web/CBaseController.php(95): SiteController->renderInternal()
#8 /Users/coly/Sites/yii-1.1.13.e9e4a0/framework/web/CController.php(784): SiteController->renderFile()
#9 /Users/coly/Sites/e_com_transn/protected/controllers/SiteController.php(41): SiteController->render()
#10 /Users/coly/Sites/yii-1.1.13.e9e4a0/framework/web/actions/CInlineAction.php(49): SiteController->actionGoods()
#11 /Users/coly/Sites/yii-1.1.13.e9e4a0/framework/web/CController.php(308): CInlineAction->runWithParams()
#12 /Users/coly/Sites/yii-1.1.13.e9e4a0/framework/web/CController.php(286): SiteController->runAction()
#13 /Users/coly/Sites/yii-1.1.13.e9e4a0/framework/web/CController.php(265): SiteController->runActionWithFilters()
#14 /Users/coly/Sites/yii-1.1.13.e9e4a0/framework/web/CWebApplication.php(282): SiteController->run()
#15 /Users/coly/Sites/yii-1.1.13.e9e4a0/framework/web/CWebApplication.php(141): CWebApplication->runController()
#16 /Users/coly/Sites/yii-1.1.13.e9e4a0/framework/base/CApplication.php(169): CWebApplication->processRequest()
#17 /Users/coly/Sites/e_com_transn/index.php(13): CWebApplication->run()
REQUEST_URI=/~Coly/e_com_transn/index.php?r=site/goods
in /Users/coly/Sites/e_com_transn/protected/views/layouts/main.php (6)
in /Users/coly/Sites/e_com_transn/protected/views/layouts/column1.php (6)
in /Users/coly/Sites/e_com_transn/protected/controllers/SiteController.php (41)
